mode: atomic
github.com/yoktobit/secretsanta/internal/gamemanagement/logic/gamemanagement.go:45.218,48.2 1 32
github.com/yoktobit/secretsanta/internal/gamemanagement/logic/gamemanagement.go:51.67,54.2 1 3
github.com/yoktobit/secretsanta/internal/gamemanagement/logic/gamemanagement.go:57.116,59.16 2 4
github.com/yoktobit/secretsanta/internal/gamemanagement/logic/gamemanagement.go:62.2,65.74 4 1
github.com/yoktobit/secretsanta/internal/gamemanagement/logic/gamemanagement.go:71.2,72.20 2 1
github.com/yoktobit/secretsanta/internal/gamemanagement/logic/gamemanagement.go:59.16,61.3 1 3
github.com/yoktobit/secretsanta/internal/gamemanagement/logic/gamemanagement.go:65.74,70.3 4 1
github.com/yoktobit/secretsanta/internal/gamemanagement/logic/gamemanagement.go:76.95,78.16 2 4
github.com/yoktobit/secretsanta/internal/gamemanagement/logic/gamemanagement.go:81.2,82.16 2 2
github.com/yoktobit/secretsanta/internal/gamemanagement/logic/gamemanagement.go:85.2,87.74 3 1
github.com/yoktobit/secretsanta/internal/gamemanagement/logic/gamemanagement.go:92.2,92.12 1 1
github.com/yoktobit/secretsanta/internal/gamemanagement/logic/gamemanagement.go:78.16,80.3 1 2
github.com/yoktobit/secretsanta/internal/gamemanagement/logic/gamemanagement.go:82.16,84.3 1 1
github.com/yoktobit/secretsanta/internal/gamemanagement/logic/gamemanagement.go:87.74,91.3 3 0
github.com/yoktobit/secretsanta/internal/gamemanagement/logic/gamemanagement.go:96.103,98.16 2 5
github.com/yoktobit/secretsanta/internal/gamemanagement/logic/gamemanagement.go:101.2,102.16 2 3
github.com/yoktobit/secretsanta/internal/gamemanagement/logic/gamemanagement.go:105.2,106.16 2 2
github.com/yoktobit/secretsanta/internal/gamemanagement/logic/gamemanagement.go:114.2,114.12 1 2
github.com/yoktobit/secretsanta/internal/gamemanagement/logic/gamemanagement.go:98.16,100.3 1 2
github.com/yoktobit/secretsanta/internal/gamemanagement/logic/gamemanagement.go:102.16,104.3 1 1
github.com/yoktobit/secretsanta/internal/gamemanagement/logic/gamemanagement.go:106.16,107.75 1 1
github.com/yoktobit/secretsanta/internal/gamemanagement/logic/gamemanagement.go:107.75,112.4 4 1
github.com/yoktobit/secretsanta/internal/gamemanagement/logic/gamemanagement.go:118.127,120.16 2 4
github.com/yoktobit/secretsanta/internal/gamemanagement/logic/gamemanagement.go:123.2,124.16 2 3
github.com/yoktobit/secretsanta/internal/gamemanagement/logic/gamemanagement.go:127.2,128.16 2 1
github.com/yoktobit/secretsanta/internal/gamemanagement/logic/gamemanagement.go:131.2,133.74 3 0
github.com/yoktobit/secretsanta/internal/gamemanagement/logic/gamemanagement.go:138.2,138.12 1 0
github.com/yoktobit/secretsanta/internal/gamemanagement/logic/gamemanagement.go:120.16,122.3 1 1
github.com/yoktobit/secretsanta/internal/gamemanagement/logic/gamemanagement.go:124.16,126.3 1 2
github.com/yoktobit/secretsanta/internal/gamemanagement/logic/gamemanagement.go:128.16,130.3 1 1
github.com/yoktobit/secretsanta/internal/gamemanagement/logic/gamemanagement.go:133.74,137.3 3 0
github.com/yoktobit/secretsanta/internal/gamemanagement/logic/gamemanagement.go:142.92,144.16 2 6
github.com/yoktobit/secretsanta/internal/gamemanagement/logic/gamemanagement.go:147.2,148.16 2 5
github.com/yoktobit/secretsanta/internal/gamemanagement/logic/gamemanagement.go:151.2,152.16 2 4
github.com/yoktobit/secretsanta/internal/gamemanagement/logic/gamemanagement.go:155.2,156.16 2 3
github.com/yoktobit/secretsanta/internal/gamemanagement/logic/gamemanagement.go:159.2,160.16 2 2
github.com/yoktobit/secretsanta/internal/gamemanagement/logic/gamemanagement.go:169.2,169.12 1 1
github.com/yoktobit/secretsanta/internal/gamemanagement/logic/gamemanagement.go:144.16,146.3 1 1
github.com/yoktobit/secretsanta/internal/gamemanagement/logic/gamemanagement.go:148.16,150.3 1 1
github.com/yoktobit/secretsanta/internal/gamemanagement/logic/gamemanagement.go:152.16,154.3 1 1
github.com/yoktobit/secretsanta/internal/gamemanagement/logic/gamemanagement.go:156.16,158.3 1 1
github.com/yoktobit/secretsanta/internal/gamemanagement/logic/gamemanagement.go:160.16,162.73 2 1
github.com/yoktobit/secretsanta/internal/gamemanagement/logic/gamemanagement.go:162.73,165.4 2 1
github.com/yoktobit/secretsanta/internal/gamemanagement/logic/gamemanagement.go:166.8,168.3 1 1
github.com/yoktobit/secretsanta/internal/gamemanagement/logic/gamemanagement.go:173.106,175.16 1 3
github.com/yoktobit/secretsanta/internal/gamemanagement/logic/gamemanagement.go:178.2,179.16 2 2
github.com/yoktobit/secretsanta/internal/gamemanagement/logic/gamemanagement.go:182.2,183.28 2 1
github.com/yoktobit/secretsanta/internal/gamemanagement/logic/gamemanagement.go:175.16,177.3 1 1
github.com/yoktobit/secretsanta/internal/gamemanagement/logic/gamemanagement.go:179.16,181.3 1 1
github.com/yoktobit/secretsanta/internal/gamemanagement/logic/gamemanagement.go:187.123,188.16 1 6
github.com/yoktobit/secretsanta/internal/gamemanagement/logic/gamemanagement.go:191.2,191.22 1 5
github.com/yoktobit/secretsanta/internal/gamemanagement/logic/gamemanagement.go:194.2,195.16 2 4
github.com/yoktobit/secretsanta/internal/gamemanagement/logic/gamemanagement.go:198.2,199.52 2 3
github.com/yoktobit/secretsanta/internal/gamemanagement/logic/gamemanagement.go:206.2,206.28 1 2
github.com/yoktobit/secretsanta/internal/gamemanagement/logic/gamemanagement.go:188.16,190.3 1 1
github.com/yoktobit/secretsanta/internal/gamemanagement/logic/gamemanagement.go:191.22,193.3 1 1
github.com/yoktobit/secretsanta/internal/gamemanagement/logic/gamemanagement.go:195.16,197.3 1 1
github.com/yoktobit/secretsanta/internal/gamemanagement/logic/gamemanagement.go:199.52,201.17 2 2
github.com/yoktobit/secretsanta/internal/gamemanagement/logic/gamemanagement.go:204.3,204.45 1 1
github.com/yoktobit/secretsanta/internal/gamemanagement/logic/gamemanagement.go:201.17,203.4 1 1
github.com/yoktobit/secretsanta/internal/gamemanagement/logic/gamemanagement.go:210.91,214.33 4 0
github.com/yoktobit/secretsanta/internal/gamemanagement/logic/gamemanagement.go:218.2,218.26 1 0
github.com/yoktobit/secretsanta/internal/gamemanagement/logic/gamemanagement.go:214.33,217.3 2 0
github.com/yoktobit/secretsanta/internal/gamemanagement/logic/gamemanagement.go:222.99,225.18 3 0
github.com/yoktobit/secretsanta/internal/gamemanagement/logic/gamemanagement.go:229.2,229.11 1 0
github.com/yoktobit/secretsanta/internal/gamemanagement/logic/gamemanagement.go:225.18,228.3 2 0
github.com/yoktobit/secretsanta/internal/gamemanagement/logic/gamemanagement.go:233.97,237.51 4 0
github.com/yoktobit/secretsanta/internal/gamemanagement/logic/gamemanagement.go:241.2,241.29 1 0
github.com/yoktobit/secretsanta/internal/gamemanagement/logic/gamemanagement.go:237.51,240.3 2 0
github.com/yoktobit/secretsanta/internal/gamemanagement/logic/gamemanagement.go:245.148,249.18 4 0
github.com/yoktobit/secretsanta/internal/gamemanagement/logic/gamemanagement.go:254.2,255.16 2 0
github.com/yoktobit/secretsanta/internal/gamemanagement/logic/gamemanagement.go:260.2,260.27 1 0
github.com/yoktobit/secretsanta/internal/gamemanagement/logic/gamemanagement.go:269.2,270.38 2 0
github.com/yoktobit/secretsanta/internal/gamemanagement/logic/gamemanagement.go:249.18,253.3 3 0
github.com/yoktobit/secretsanta/internal/gamemanagement/logic/gamemanagement.go:255.16,259.3 3 0
github.com/yoktobit/secretsanta/internal/gamemanagement/logic/gamemanagement.go:260.27,262.3 1 0
github.com/yoktobit/secretsanta/internal/gamemanagement/logic/gamemanagement.go:262.8,264.19 2 0
github.com/yoktobit/secretsanta/internal/gamemanagement/logic/gamemanagement.go:264.19,267.4 2 0
github.com/yoktobit/secretsanta/internal/gamemanagement/logic/gamemanagement.go:274.96,283.25 9 0
github.com/yoktobit/secretsanta/internal/gamemanagement/logic/gamemanagement.go:300.2,301.8 2 0
github.com/yoktobit/secretsanta/internal/gamemanagement/logic/gamemanagement.go:312.2,313.27 2 0
github.com/yoktobit/secretsanta/internal/gamemanagement/logic/gamemanagement.go:283.25,286.34 3 0
github.com/yoktobit/secretsanta/internal/gamemanagement/logic/gamemanagement.go:297.3,298.10 2 0
github.com/yoktobit/secretsanta/internal/gamemanagement/logic/gamemanagement.go:286.34,293.17 7 0
github.com/yoktobit/secretsanta/internal/gamemanagement/logic/gamemanagement.go:293.17,294.10 1 0
github.com/yoktobit/secretsanta/internal/gamemanagement/logic/gamemanagement.go:301.8,303.75 2 0
github.com/yoktobit/secretsanta/internal/gamemanagement/logic/gamemanagement.go:303.75,307.4 3 0
github.com/yoktobit/secretsanta/internal/gamemanagement/logic/gamemanagement.go:308.8,311.3 2 0
github.com/yoktobit/secretsanta/internal/gamemanagement/logic/gamemanagement.go:317.66,320.74 3 0
github.com/yoktobit/secretsanta/internal/gamemanagement/logic/gamemanagement.go:320.74,323.3 2 0
github.com/yoktobit/secretsanta/internal/gamemanagement/logic/gamemanagement.go:326.114,328.35 1 0
github.com/yoktobit/secretsanta/internal/gamemanagement/logic/gamemanagement.go:328.35,332.3 2 0
github.com/yoktobit/secretsanta/internal/gamemanagement/logic/gamemanagement.go:335.146,337.35 1 0
github.com/yoktobit/secretsanta/internal/gamemanagement/logic/gamemanagement.go:342.2,342.13 1 0
github.com/yoktobit/secretsanta/internal/gamemanagement/logic/gamemanagement.go:337.35,338.60 1 0
github.com/yoktobit/secretsanta/internal/gamemanagement/logic/gamemanagement.go:338.60,340.4 1 0
github.com/yoktobit/secretsanta/internal/gamemanagement/logic/gamemanagement.go:345.150,347.28 1 0
github.com/yoktobit/secretsanta/internal/gamemanagement/logic/gamemanagement.go:350.2,350.45 1 0
github.com/yoktobit/secretsanta/internal/gamemanagement/logic/gamemanagement.go:355.2,355.13 1 0
github.com/yoktobit/secretsanta/internal/gamemanagement/logic/gamemanagement.go:347.28,349.3 1 0
github.com/yoktobit/secretsanta/internal/gamemanagement/logic/gamemanagement.go:350.45,351.89 1 0
github.com/yoktobit/secretsanta/internal/gamemanagement/logic/gamemanagement.go:351.89,353.4 1 0
github.com/yoktobit/secretsanta/internal/gamemanagement/logic/gamemanagement.go:358.128,361.2 2 0
github.com/yoktobit/secretsanta/internal/gamemanagement/logic/gamemanagement.go:363.61,365.2 1 1
github.com/yoktobit/secretsanta/internal/gamemanagement/logic/gamemanagement.go:367.85,370.16 3 1
github.com/yoktobit/secretsanta/internal/gamemanagement/logic/gamemanagement.go:373.2,373.21 1 1
github.com/yoktobit/secretsanta/internal/gamemanagement/logic/gamemanagement.go:370.16,372.3 1 0
github.com/yoktobit/secretsanta/internal/gamemanagement/logic/gamemanagement.go:376.98,378.18 2 1
github.com/yoktobit/secretsanta/internal/gamemanagement/logic/gamemanagement.go:378.18,381.3 2 0
