mode: atomic
github.com/yoktobit/secretsanta/internal/gamemanagement/logic/gamemanagement.go:44.218,47.2 1 23
github.com/yoktobit/secretsanta/internal/gamemanagement/logic/gamemanagement.go:50.67,53.2 1 3
github.com/yoktobit/secretsanta/internal/gamemanagement/logic/gamemanagement.go:56.116,58.16 2 4
github.com/yoktobit/secretsanta/internal/gamemanagement/logic/gamemanagement.go:61.2,64.74 4 1
github.com/yoktobit/secretsanta/internal/gamemanagement/logic/gamemanagement.go:70.2,71.20 2 1
github.com/yoktobit/secretsanta/internal/gamemanagement/logic/gamemanagement.go:58.16,60.3 1 3
github.com/yoktobit/secretsanta/internal/gamemanagement/logic/gamemanagement.go:64.74,69.3 4 1
github.com/yoktobit/secretsanta/internal/gamemanagement/logic/gamemanagement.go:75.95,77.16 2 4
github.com/yoktobit/secretsanta/internal/gamemanagement/logic/gamemanagement.go:80.2,81.16 2 2
github.com/yoktobit/secretsanta/internal/gamemanagement/logic/gamemanagement.go:84.2,86.74 3 1
github.com/yoktobit/secretsanta/internal/gamemanagement/logic/gamemanagement.go:91.2,91.12 1 1
github.com/yoktobit/secretsanta/internal/gamemanagement/logic/gamemanagement.go:77.16,79.3 1 2
github.com/yoktobit/secretsanta/internal/gamemanagement/logic/gamemanagement.go:81.16,83.3 1 1
github.com/yoktobit/secretsanta/internal/gamemanagement/logic/gamemanagement.go:86.74,90.3 3 0
github.com/yoktobit/secretsanta/internal/gamemanagement/logic/gamemanagement.go:95.103,97.16 2 5
github.com/yoktobit/secretsanta/internal/gamemanagement/logic/gamemanagement.go:100.2,101.16 2 3
github.com/yoktobit/secretsanta/internal/gamemanagement/logic/gamemanagement.go:104.2,105.16 2 2
github.com/yoktobit/secretsanta/internal/gamemanagement/logic/gamemanagement.go:113.2,113.12 1 2
github.com/yoktobit/secretsanta/internal/gamemanagement/logic/gamemanagement.go:97.16,99.3 1 2
github.com/yoktobit/secretsanta/internal/gamemanagement/logic/gamemanagement.go:101.16,103.3 1 1
github.com/yoktobit/secretsanta/internal/gamemanagement/logic/gamemanagement.go:105.16,106.75 1 1
github.com/yoktobit/secretsanta/internal/gamemanagement/logic/gamemanagement.go:106.75,111.4 4 1
github.com/yoktobit/secretsanta/internal/gamemanagement/logic/gamemanagement.go:117.127,119.16 2 4
github.com/yoktobit/secretsanta/internal/gamemanagement/logic/gamemanagement.go:122.2,123.16 2 3
github.com/yoktobit/secretsanta/internal/gamemanagement/logic/gamemanagement.go:126.2,127.16 2 1
github.com/yoktobit/secretsanta/internal/gamemanagement/logic/gamemanagement.go:130.2,132.74 3 0
github.com/yoktobit/secretsanta/internal/gamemanagement/logic/gamemanagement.go:137.2,137.12 1 0
github.com/yoktobit/secretsanta/internal/gamemanagement/logic/gamemanagement.go:119.16,121.3 1 1
github.com/yoktobit/secretsanta/internal/gamemanagement/logic/gamemanagement.go:123.16,125.3 1 2
github.com/yoktobit/secretsanta/internal/gamemanagement/logic/gamemanagement.go:127.16,129.3 1 1
github.com/yoktobit/secretsanta/internal/gamemanagement/logic/gamemanagement.go:132.74,136.3 3 0
github.com/yoktobit/secretsanta/internal/gamemanagement/logic/gamemanagement.go:141.92,143.16 2 6
github.com/yoktobit/secretsanta/internal/gamemanagement/logic/gamemanagement.go:146.2,147.16 2 5
github.com/yoktobit/secretsanta/internal/gamemanagement/logic/gamemanagement.go:150.2,151.16 2 4
github.com/yoktobit/secretsanta/internal/gamemanagement/logic/gamemanagement.go:154.2,155.16 2 3
github.com/yoktobit/secretsanta/internal/gamemanagement/logic/gamemanagement.go:158.2,159.16 2 2
github.com/yoktobit/secretsanta/internal/gamemanagement/logic/gamemanagement.go:168.2,168.12 1 1
github.com/yoktobit/secretsanta/internal/gamemanagement/logic/gamemanagement.go:143.16,145.3 1 1
github.com/yoktobit/secretsanta/internal/gamemanagement/logic/gamemanagement.go:147.16,149.3 1 1
github.com/yoktobit/secretsanta/internal/gamemanagement/logic/gamemanagement.go:151.16,153.3 1 1
github.com/yoktobit/secretsanta/internal/gamemanagement/logic/gamemanagement.go:155.16,157.3 1 1
github.com/yoktobit/secretsanta/internal/gamemanagement/logic/gamemanagement.go:159.16,161.73 2 1
github.com/yoktobit/secretsanta/internal/gamemanagement/logic/gamemanagement.go:161.73,164.4 2 1
github.com/yoktobit/secretsanta/internal/gamemanagement/logic/gamemanagement.go:165.8,167.3 1 1
github.com/yoktobit/secretsanta/internal/gamemanagement/logic/gamemanagement.go:172.97,176.2 3 0
github.com/yoktobit/secretsanta/internal/gamemanagement/logic/gamemanagement.go:179.114,182.52 3 0
github.com/yoktobit/secretsanta/internal/gamemanagement/logic/gamemanagement.go:186.2,186.23 1 0
github.com/yoktobit/secretsanta/internal/gamemanagement/logic/gamemanagement.go:182.52,185.3 2 0
github.com/yoktobit/secretsanta/internal/gamemanagement/logic/gamemanagement.go:190.91,194.33 4 0
github.com/yoktobit/secretsanta/internal/gamemanagement/logic/gamemanagement.go:198.2,198.26 1 0
github.com/yoktobit/secretsanta/internal/gamemanagement/logic/gamemanagement.go:194.33,197.3 2 0
github.com/yoktobit/secretsanta/internal/gamemanagement/logic/gamemanagement.go:202.99,205.18 3 0
github.com/yoktobit/secretsanta/internal/gamemanagement/logic/gamemanagement.go:209.2,209.11 1 0
github.com/yoktobit/secretsanta/internal/gamemanagement/logic/gamemanagement.go:205.18,208.3 2 0
github.com/yoktobit/secretsanta/internal/gamemanagement/logic/gamemanagement.go:213.97,217.51 4 0
github.com/yoktobit/secretsanta/internal/gamemanagement/logic/gamemanagement.go:221.2,221.29 1 0
github.com/yoktobit/secretsanta/internal/gamemanagement/logic/gamemanagement.go:217.51,220.3 2 0
github.com/yoktobit/secretsanta/internal/gamemanagement/logic/gamemanagement.go:225.148,229.18 4 0
github.com/yoktobit/secretsanta/internal/gamemanagement/logic/gamemanagement.go:234.2,235.16 2 0
github.com/yoktobit/secretsanta/internal/gamemanagement/logic/gamemanagement.go:240.2,240.27 1 0
github.com/yoktobit/secretsanta/internal/gamemanagement/logic/gamemanagement.go:249.2,250.38 2 0
github.com/yoktobit/secretsanta/internal/gamemanagement/logic/gamemanagement.go:229.18,233.3 3 0
github.com/yoktobit/secretsanta/internal/gamemanagement/logic/gamemanagement.go:235.16,239.3 3 0
github.com/yoktobit/secretsanta/internal/gamemanagement/logic/gamemanagement.go:240.27,242.3 1 0
github.com/yoktobit/secretsanta/internal/gamemanagement/logic/gamemanagement.go:242.8,244.19 2 0
github.com/yoktobit/secretsanta/internal/gamemanagement/logic/gamemanagement.go:244.19,247.4 2 0
github.com/yoktobit/secretsanta/internal/gamemanagement/logic/gamemanagement.go:254.96,263.25 9 0
github.com/yoktobit/secretsanta/internal/gamemanagement/logic/gamemanagement.go:280.2,281.8 2 0
github.com/yoktobit/secretsanta/internal/gamemanagement/logic/gamemanagement.go:292.2,293.27 2 0
github.com/yoktobit/secretsanta/internal/gamemanagement/logic/gamemanagement.go:263.25,266.34 3 0
github.com/yoktobit/secretsanta/internal/gamemanagement/logic/gamemanagement.go:277.3,278.10 2 0
github.com/yoktobit/secretsanta/internal/gamemanagement/logic/gamemanagement.go:266.34,273.17 7 0
github.com/yoktobit/secretsanta/internal/gamemanagement/logic/gamemanagement.go:273.17,274.10 1 0
github.com/yoktobit/secretsanta/internal/gamemanagement/logic/gamemanagement.go:281.8,283.75 2 0
github.com/yoktobit/secretsanta/internal/gamemanagement/logic/gamemanagement.go:283.75,287.4 3 0
github.com/yoktobit/secretsanta/internal/gamemanagement/logic/gamemanagement.go:288.8,291.3 2 0
github.com/yoktobit/secretsanta/internal/gamemanagement/logic/gamemanagement.go:297.66,300.74 3 0
github.com/yoktobit/secretsanta/internal/gamemanagement/logic/gamemanagement.go:300.74,303.3 2 0
github.com/yoktobit/secretsanta/internal/gamemanagement/logic/gamemanagement.go:306.114,308.35 1 0
github.com/yoktobit/secretsanta/internal/gamemanagement/logic/gamemanagement.go:308.35,312.3 2 0
github.com/yoktobit/secretsanta/internal/gamemanagement/logic/gamemanagement.go:315.146,317.35 1 0
github.com/yoktobit/secretsanta/internal/gamemanagement/logic/gamemanagement.go:322.2,322.13 1 0
github.com/yoktobit/secretsanta/internal/gamemanagement/logic/gamemanagement.go:317.35,318.60 1 0
github.com/yoktobit/secretsanta/internal/gamemanagement/logic/gamemanagement.go:318.60,320.4 1 0
github.com/yoktobit/secretsanta/internal/gamemanagement/logic/gamemanagement.go:325.150,327.28 1 0
github.com/yoktobit/secretsanta/internal/gamemanagement/logic/gamemanagement.go:330.2,330.45 1 0
github.com/yoktobit/secretsanta/internal/gamemanagement/logic/gamemanagement.go:335.2,335.13 1 0
github.com/yoktobit/secretsanta/internal/gamemanagement/logic/gamemanagement.go:327.28,329.3 1 0
github.com/yoktobit/secretsanta/internal/gamemanagement/logic/gamemanagement.go:330.45,331.89 1 0
github.com/yoktobit/secretsanta/internal/gamemanagement/logic/gamemanagement.go:331.89,333.4 1 0
github.com/yoktobit/secretsanta/internal/gamemanagement/logic/gamemanagement.go:338.128,341.2 2 0
github.com/yoktobit/secretsanta/internal/gamemanagement/logic/gamemanagement.go:343.61,345.2 1 1
github.com/yoktobit/secretsanta/internal/gamemanagement/logic/gamemanagement.go:347.85,350.16 3 1
github.com/yoktobit/secretsanta/internal/gamemanagement/logic/gamemanagement.go:353.2,353.21 1 1
github.com/yoktobit/secretsanta/internal/gamemanagement/logic/gamemanagement.go:350.16,352.3 1 0
github.com/yoktobit/secretsanta/internal/gamemanagement/logic/gamemanagement.go:356.98,358.18 2 1
github.com/yoktobit/secretsanta/internal/gamemanagement/logic/gamemanagement.go:358.18,361.3 2 0
